<?xml version="1.0" encoding="UTF-8"?>
<!-- Generated by org.testng.reporters.JUnitReportReporter -->
<testsuite hostname="DESKTOP-KPO1S17" failures="0" tests="1" name="Demo.login" time="0.082" errors="0" timestamp="2025-03-29T14:10:55 IST" skipped="0">
  <testcase classname="Demo.login" name="login" time="0.082"/>
</testsuite> <!-- Demo.login -->
